This is pdfTeX, Version 3.1415926-2.5-1.40.14 (TeX Live 2013/Debian) (format=pdflatex 2016.1.4)  19 OCT 2016 14:56
entering extended mode
 restricted \write18 enabled.
 %&-line parsing enabled.
**paper.tex
(./paper.tex
LaTeX2e <2011/06/27>
Babel <3.9h> and hyphenation patterns for 4 languages loaded.
(/usr/local/share/texmf/tex/latex/revtex/revtex4-1.cls
Document Class: revtex4-1 2010/07/25/20:33:00 4.1r (http://publish.aps.org/revt
ex4/ for documentation)
 Copyright (c) 2009 The American Physical Society.
 mailto:revtex@aps.org
 Licensed under the LPPL:
http://www.ctan.org/tex-archive/macros/latex/base/lppl.txt
 Arthur Ogawa <arthur_ogawa at sbcglobal dot net>
 Based on work by David Carlisle <david at dcarlisle.demon.co.uk>.
ltxutil[2010/07/25/20:33:00 4.1r utilities package (portions licensed from W. E
. Baxter web at superscript.com)]
LaTeX Info: Redefining \@centercr on input line 308.
Class revtex4-1 Info: Repairing broken LaTeX eqnarray on input line 358.
\eqncolsep=\skip41
Class revtex4-1 Info: Repairing hyperref-unfriendly LaTeX definition of \mpfoot
note on input line 433.
Class revtex4-1 Info: Repairing broken LateX \@sect on input line 755.
\intertabularlinepenalty=\count79
\@tbpen=\count80
\@arstrutbox@hline=\box26
Class revtex4-1 Info: Repairing broken LaTeX \@xbitor on input line 1786.
Class revtex4-1 Info: Making \typeout \long on input line 2046.
ltxfront[2010/07/25/20:33:00 4.1r frontmatter package (AO,DPC)]
\c@affil=\count81
\c@collab=\count82
\absbox=\box27
ltxgrid[2010/07/25/20:33:00 4.1r page grid package (portions licensed from W. E
. Baxter web at superscript.com)]
\c@linecount=\count83
\output@latex=\toks14
\box@size@1=\box28
\box@size@2=\box29
\@protection@box=\box30
\@topmark@saved=\toks15
\footins@saved=\box31
\footins@recovered=\box32
\column@recovered=\box33
\pagesofar=\box34
\footsofar=\box35
\pagegrid@col=\count84
Class revtex4-1 Info: Overriding \@vspace, \@vspacer, \@no@pgbk, \@newline, and
 \\  on input line 5578.
\c@part=\count85
\c@section=\count86
\c@subsection=\count87
\c@subsubsection=\count88
\c@paragraph=\count89
\c@subparagraph=\count90
\abovecaptionskip=\skip42
\belowcaptionskip=\skip43
\c@figure=\count91
\fbox@1=\box36
\c@table=\count92
\fbox@2=\box37
\c@video=\count93
\fbox@4=\box38
\@bibdataout=\write3
\widetext@top=\box39
\widetext@bot=\box40
Class revtex4-1 Info: Selecting society aps on input line 7542.
(/usr/local/share/texmf/tex/latex/revtex/aps4-1.rtx
File: aps4-1 2010/07/25/20:33:00 4.1r (http://publish.aps.org/revtex4/ for docu
mentation)
Class revtex4-1 Info: RevTeX society APS selected on input line 31.
)
Class revtex4-1 Info: Selecting journal prd on input line 7544.
Class revtex4-1 Info: APS journal PRD selected on input line 7545.


Class revtex4-1 Warning: No type size specified, using default 10.

(/usr/local/share/texmf/tex/latex/revtex/aps10pt4-1.rtx
File: aps10pt4-1 2010/07/25/20:33:00 4.1r (http://publish.aps.org/revtex4/ for 
documentation)
Class revtex4-1 Info: RevTeX pointsize 10pt selected on input line 30.
)
(/usr/share/texlive/texmf-dist/tex/latex/textcase/textcase.sty
Package: textcase 2004/10/07 v0.07 Text only upper/lower case changing (DPC)
)
(/usr/share/texlive/texmf-dist/tex/latex/amsmath/amsmath.sty
Package: amsmath 2013/01/14 v2.14 AMS math features
\@mathmargin=\skip44

For additional information on amsmath, use the `?' option.
(/usr/share/texlive/texmf-dist/tex/latex/amsmath/amstext.sty
Package: amstext 2000/06/29 v2.01

(/usr/share/texlive/texmf-dist/tex/latex/amsmath/amsgen.sty
File: amsgen.sty 1999/11/30 v2.0
\@emptytoks=\toks16
\ex@=\dimen102
)
LaTeX Info: Redefining \text on input line 39.
)
(/usr/share/texlive/texmf-dist/tex/latex/amsmath/amsbsy.sty
Package: amsbsy 1999/11/29 v1.2d
\pmbraise@=\dimen103
)
(/usr/share/texlive/texmf-dist/tex/latex/amsmath/amsopn.sty
Package: amsopn 1999/12/14 v2.01 operator names
)
\inf@bad=\count94
LaTeX Info: Redefining \frac on input line 210.
\uproot@=\count95
\leftroot@=\count96
LaTeX Info: Redefining \overline on input line 306.
\classnum@=\count97
\DOTSCASE@=\count98
LaTeX Info: Redefining \ldots on input line 378.
LaTeX Info: Redefining \dots on input line 381.
LaTeX Info: Redefining \cdots on input line 466.
\Mathstrutbox@=\box41
\strutbox@=\box42
\big@size=\dimen104
LaTeX Font Info:    Redeclaring font encoding OML on input line 566.
LaTeX Font Info:    Redeclaring font encoding OMS on input line 567.
\macc@depth=\count99
\c@MaxMatrixCols=\count100
\dotsspace@=\muskip10
\c@parentequation=\count101
\dspbrk@lvl=\count102
\tag@help=\toks17
\row@=\count103
\column@=\count104
\maxfields@=\count105
\andhelp@=\toks18
\eqnshift@=\dimen105
\alignsep@=\dimen106
\tagshift@=\dimen107
\tagwidth@=\dimen108
\totwidth@=\dimen109
\lineht@=\dimen110
\@envbody=\toks19
\multlinegap=\skip45
\multlinetaggap=\skip46
\mathdisplay@stack=\toks20
LaTeX Info: Redefining \[ on input line 2665.
LaTeX Info: Redefining \] on input line 2666.
)
(/usr/share/texlive/texmf-dist/tex/latex/url/url.sty
\Urlmuskip=\muskip11
Package: url 2013/09/16  ver 3.4  Verb mode for urls, etc.
)
(/usr/share/texlive/texmf-dist/tex/latex/natbib/natbib.sty
Package: natbib 2010/09/13 8.31b (PWD, AO)
\bibhang=\skip47
\bibsep=\skip48
LaTeX Info: Redefining \cite on input line 694.
\c@NAT@ctr=\count106
)
Class revtex4-1 Info: Repairing natbib's \BibitemShut on input line 7549.

(/usr/local/share/texmf/tex/latex/revtex/revsymb4-1.sty
Package: revsymb4-1 2010/07/25/20:33:00 4.1r (http://publish.aps.org/revtex4/ f
or documentation)
LaTeX Info: Redefining \REV@mathfrak on input line 119.
))
(/usr/share/texlive/texmf-dist/tex/latex/hyperref/hyperref.sty
Package: hyperref 2012/11/06 v6.83m Hypertext links for LaTeX

(/usr/share/texlive/texmf-dist/tex/generic/oberdiek/hobsub-hyperref.sty
Package: hobsub-hyperref 2012/05/28 v1.13 Bundle oberdiek, subset hyperref (HO)


(/usr/share/texlive/texmf-dist/tex/generic/oberdiek/hobsub-generic.sty
Package: hobsub-generic 2012/05/28 v1.13 Bundle oberdiek, subset generic (HO)
Package: hobsub 2012/05/28 v1.13 Construct package bundles (HO)
Package: infwarerr 2010/04/08 v1.3 Providing info/warning/error messages (HO)
Package: ltxcmds 2011/11/09 v1.22 LaTeX kernel commands for general use (HO)
Package: ifluatex 2010/03/01 v1.3 Provides the ifluatex switch (HO)
Package ifluatex Info: LuaTeX not detected.
Package: ifvtex 2010/03/01 v1.5 Detect VTeX and its facilities (HO)
Package ifvtex Info: VTeX not detected.
Package: intcalc 2007/09/27 v1.1 Expandable calculations with integers (HO)
Package: ifpdf 2011/01/30 v2.3 Provides the ifpdf switch (HO)
Package ifpdf Info: pdfTeX in PDF mode is detected.
Package: etexcmds 2011/02/16 v1.5 Avoid name clashes with e-TeX commands (HO)
Package etexcmds Info: Could not find \expanded.
(etexcmds)             That can mean that you are not using pdfTeX 1.50 or
(etexcmds)             that some package has redefined \expanded.
(etexcmds)             In the latter case, load this package earlier.
Package: kvsetkeys 2012/04/25 v1.16 Key value parser (HO)
Package: kvdefinekeys 2011/04/07 v1.3 Define keys (HO)
Package: pdftexcmds 2011/11/29 v0.20 Utility functions of pdfTeX for LuaTeX (HO
)
Package pdftexcmds Info: LuaTeX not detected.
Package pdftexcmds Info: \pdf@primitive is available.
Package pdftexcmds Info: \pdf@ifprimitive is available.
Package pdftexcmds Info: \pdfdraftmode found.
Package: pdfescape 2011/11/25 v1.13 Implements pdfTeX's escape features (HO)
Package: bigintcalc 2012/04/08 v1.3 Expandable calculations on big integers (HO
)
Package: bitset 2011/01/30 v1.1 Handle bit-vector datatype (HO)
Package: uniquecounter 2011/01/30 v1.2 Provide unlimited unique counter (HO)
)
Package hobsub Info: Skipping package `hobsub' (already loaded).
Package: letltxmacro 2010/09/02 v1.4 Let assignment for LaTeX macros (HO)
Package: hopatch 2012/05/28 v1.2 Wrapper for package hooks (HO)
Package: xcolor-patch 2011/01/30 xcolor patch
Package: atveryend 2011/06/30 v1.8 Hooks at the very end of document (HO)
Package: atbegshi 2011/10/05 v1.16 At begin shipout hook (HO)
Package: refcount 2011/10/16 v3.4 Data extraction from label references (HO)
Package: hycolor 2011/01/30 v1.7 Color options for hyperref/bookmark (HO)
)
(/usr/share/texlive/texmf-dist/tex/latex/graphics/keyval.sty
Package: keyval 1999/03/16 v1.13 key=value parser (DPC)
\KV@toks@=\toks21
)
(/usr/share/texlive/texmf-dist/tex/generic/ifxetex/ifxetex.sty
Package: ifxetex 2010/09/12 v0.6 Provides ifxetex conditional
)
(/usr/share/texlive/texmf-dist/tex/latex/oberdiek/auxhook.sty
Package: auxhook 2011/03/04 v1.3 Hooks for auxiliary files (HO)
)
(/usr/share/texlive/texmf-dist/tex/latex/oberdiek/kvoptions.sty
Package: kvoptions 2011/06/30 v3.11 Key value format for package options (HO)
)
\@linkdim=\dimen111
\Hy@linkcounter=\count107
\Hy@pagecounter=\count108

(/usr/share/texlive/texmf-dist/tex/latex/hyperref/pd1enc.def
File: pd1enc.def 2012/11/06 v6.83m Hyperref: PDFDocEncoding definition (HO)
)
\Hy@SavedSpaceFactor=\count109

(/usr/share/texlive/texmf-dist/tex/latex/latexconfig/hyperref.cfg
File: hyperref.cfg 2002/06/06 v1.2 hyperref configuration of TeXLive
)
Package hyperref Info: Option `colorlinks' set `true' on input line 4319.
Package hyperref Info: Option `plainpages' set `false' on input line 4319.
Package hyperref Info: Hyper figures OFF on input line 4443.
Package hyperref Info: Link nesting OFF on input line 4448.
Package hyperref Info: Hyper index ON on input line 4451.
Package hyperref Info: Plain pages OFF on input line 4458.
Package hyperref Info: Backreferencing OFF on input line 4463.
Package hyperref Info: Implicit mode ON; LaTeX internals redefined.
Package hyperref Info: Bookmarks ON on input line 4688.
LaTeX Info: Redefining \href on input line 4952.
\c@Hy@tempcnt=\count110
LaTeX Info: Redefining \url on input line 5041.
\XeTeXLinkMargin=\dimen112
\Fld@menulength=\count111
\Field@Width=\dimen113
\Fld@charsize=\dimen114
Package hyperref Info: Hyper figures OFF on input line 6295.
Package hyperref Info: Link nesting OFF on input line 6300.
Package hyperref Info: Hyper index ON on input line 6303.
Package hyperref Info: backreferencing OFF on input line 6310.
Package hyperref Info: Link coloring ON on input line 6313.
Package hyperref Info: Link coloring with OCG OFF on input line 6320.
Package hyperref Info: PDF/A mode OFF on input line 6325.
LaTeX Info: Redefining \ref on input line 6365.
LaTeX Info: Redefining \pageref on input line 6369.
\Hy@abspage=\count112
\c@Item=\count113
\c@Hfootnote=\count114
)

Package hyperref Message: Driver (autodetected): hpdftex.

(/usr/share/texlive/texmf-dist/tex/latex/hyperref/hpdftex.def
File: hpdftex.def 2012/11/06 v6.83m Hyperref driver for pdfTeX
\Fld@listcount=\count115
\c@bookmark@seq@number=\count116

(/usr/share/texlive/texmf-dist/tex/latex/oberdiek/rerunfilecheck.sty
Package: rerunfilecheck 2011/04/15 v1.7 Rerun checks for auxiliary files (HO)
Package uniquecounter Info: New unique counter `rerunfilecheck' on input line 2
82.
)
\Hy@SectionHShift=\skip49
)
(/usr/share/texlive/texmf-dist/tex/latex/graphics/graphicx.sty
Package: graphicx 1999/02/16 v1.0f Enhanced LaTeX Graphics (DPC,SPQR)

(/usr/share/texlive/texmf-dist/tex/latex/graphics/graphics.sty
Package: graphics 2009/02/05 v1.0o Standard LaTeX Graphics (DPC,SPQR)

(/usr/share/texlive/texmf-dist/tex/latex/graphics/trig.sty
Package: trig 1999/03/16 v1.09 sin cos tan (DPC)
)
(/usr/share/texlive/texmf-dist/tex/latex/latexconfig/graphics.cfg
File: graphics.cfg 2010/04/23 v1.9 graphics configuration of TeX Live
)
Package graphics Info: Driver file: pdftex.def on input line 91.

(/usr/share/texlive/texmf-dist/tex/latex/pdftex-def/pdftex.def
File: pdftex.def 2011/05/27 v0.06d Graphics/color for pdfTeX
\Gread@gobject=\count117
))
\Gin@req@height=\dimen115
\Gin@req@width=\dimen116
)
(/usr/share/texlive/texmf-dist/tex/latex/tools/xspace.sty
Package: xspace 2009/10/20 v1.13 Space after command names (DPC,MH)
)
(/usr/share/texlive/texmf-dist/tex/latex/graphics/color.sty
Package: color 2005/11/14 v1.0j Standard LaTeX Color (DPC)

(/usr/share/texlive/texmf-dist/tex/latex/latexconfig/color.cfg
File: color.cfg 2007/01/18 v1.5 color configuration of teTeX/TeXLive
)
Package color Info: Driver file: pdftex.def on input line 130.

(/usr/share/texlive/texmf-dist/tex/latex/graphics/dvipsnam.def
File: dvipsnam.def 1999/02/16 v3.0i Driver-dependant file (DPC,SPQR)
))
(/usr/share/texlive/texmf-dist/tex/latex/amsfonts/amssymb.sty
Package: amssymb 2013/01/14 v3.01 AMS font symbols

(/usr/share/texlive/texmf-dist/tex/latex/amsfonts/amsfonts.sty
Package: amsfonts 2013/01/14 v3.01 Basic AMSFonts support
\symAMSa=\mathgroup4
\symAMSb=\mathgroup5
LaTeX Font Info:    Overwriting math alphabet `\mathfrak' in version `bold'
(Font)                  U/euf/m/n --> U/euf/b/n on input line 106.
LaTeX Info: Redefining \frak on input line 111.
LaTeX Info: Redefining \Bbb on input line 113.
))
(/usr/share/texmf/tex/latex/xcolor/xcolor.sty
Package: xcolor 2007/01/21 v2.11 LaTeX color extensions (UK)

(/usr/share/texlive/texmf-dist/tex/latex/latexconfig/color.cfg
File: color.cfg 2007/01/18 v1.5 color configuration of teTeX/TeXLive
)
Package xcolor Info: Driver file: pdftex.def on input line 225.
LaTeX Info: Redefining \color on input line 702.
Package xcolor Info: Model `cmy' substituted by `cmy0' on input line 1337.
Package xcolor Info: Model `hsb' substituted by `rgb' on input line 1341.
Package xcolor Info: Model `RGB' extended on input line 1353.
Package xcolor Info: Model `HTML' substituted by `rgb' on input line 1355.
Package xcolor Info: Model `Hsb' substituted by `hsb' on input line 1356.
Package xcolor Info: Model `tHsb' substituted by `hsb' on input line 1357.
Package xcolor Info: Model `HSB' substituted by `hsb' on input line 1358.
Package xcolor Info: Model `Gray' substituted by `gray' on input line 1359.
Package xcolor Info: Model `wave' substituted by `hsb' on input line 1360.

(/usr/share/texlive/texmf-dist/tex/latex/graphics/dvipsnam.def
File: dvipsnam.def 1999/02/16 v3.0i Driver-dependant file (DPC,SPQR)
))
(/usr/share/texlive/texmf-dist/tex/latex/placeins/placeins.sty
Package: placeins 2005/04/18  v 2.2
)
(/usr/share/texlive/texmf-dist/tex/latex/base/inputenc.sty
Package: inputenc 2008/03/30 v1.1d Input encoding file
\inpenc@prehook=\toks22
\inpenc@posthook=\toks23

(/usr/share/texlive/texmf-dist/tex/latex/base/utf8.def
File: utf8.def 2008/04/05 v1.1m UTF-8 support for inputenc
Now handling font encoding OML ...
... no UTF-8 mapping file for font encoding OML
Now handling font encoding T1 ...
... processing UTF-8 mapping file for font encoding T1

(/usr/share/texlive/texmf-dist/tex/latex/base/t1enc.dfu
File: t1enc.dfu 2008/04/05 v1.1m UTF-8 support for inputenc
   defining Unicode char U+00A1 (decimal 161)
   defining Unicode char U+00A3 (decimal 163)
   defining Unicode char U+00AB (decimal 171)
   defining Unicode char U+00BB (decimal 187)
   defining Unicode char U+00BF (decimal 191)
   defining Unicode char U+00C0 (decimal 192)
   defining Unicode char U+00C1 (decimal 193)
   defining Unicode char U+00C2 (decimal 194)
   defining Unicode char U+00C3 (decimal 195)
   defining Unicode char U+00C4 (decimal 196)
   defining Unicode char U+00C5 (decimal 197)
   defining Unicode char U+00C6 (decimal 198)
   defining Unicode char U+00C7 (decimal 199)
   defining Unicode char U+00C8 (decimal 200)
   defining Unicode char U+00C9 (decimal 201)
   defining Unicode char U+00CA (decimal 202)
   defining Unicode char U+00CB (decimal 203)
   defining Unicode char U+00CC (decimal 204)
   defining Unicode char U+00CD (decimal 205)
   defining Unicode char U+00CE (decimal 206)
   defining Unicode char U+00CF (decimal 207)
   defining Unicode char U+00D0 (decimal 208)
   defining Unicode char U+00D1 (decimal 209)
   defining Unicode char U+00D2 (decimal 210)
   defining Unicode char U+00D3 (decimal 211)
   defining Unicode char U+00D4 (decimal 212)
   defining Unicode char U+00D5 (decimal 213)
   defining Unicode char U+00D6 (decimal 214)
   defining Unicode char U+00D8 (decimal 216)
   defining Unicode char U+00D9 (decimal 217)
   defining Unicode char U+00DA (decimal 218)
   defining Unicode char U+00DB (decimal 219)
   defining Unicode char U+00DC (decimal 220)
   defining Unicode char U+00DD (decimal 221)
   defining Unicode char U+00DE (decimal 222)
   defining Unicode char U+00DF (decimal 223)
   defining Unicode char U+00E0 (decimal 224)
   defining Unicode char U+00E1 (decimal 225)
   defining Unicode char U+00E2 (decimal 226)
   defining Unicode char U+00E3 (decimal 227)
   defining Unicode char U+00E4 (decimal 228)
   defining Unicode char U+00E5 (decimal 229)
   defining Unicode char U+00E6 (decimal 230)
   defining Unicode char U+00E7 (decimal 231)
   defining Unicode char U+00E8 (decimal 232)
   defining Unicode char U+00E9 (decimal 233)
   defining Unicode char U+00EA (decimal 234)
   defining Unicode char U+00EB (decimal 235)
   defining Unicode char U+00EC (decimal 236)
   defining Unicode char U+00ED (decimal 237)
   defining Unicode char U+00EE (decimal 238)
   defining Unicode char U+00EF (decimal 239)
   defining Unicode char U+00F0 (decimal 240)
   defining Unicode char U+00F1 (decimal 241)
   defining Unicode char U+00F2 (decimal 242)
   defining Unicode char U+00F3 (decimal 243)
   defining Unicode char U+00F4 (decimal 244)
   defining Unicode char U+00F5 (decimal 245)
   defining Unicode char U+00F6 (decimal 246)
   defining Unicode char U+00F8 (decimal 248)
   defining Unicode char U+00F9 (decimal 249)
   defining Unicode char U+00FA (decimal 250)
   defining Unicode char U+00FB (decimal 251)
   defining Unicode char U+00FC (decimal 252)
   defining Unicode char U+00FD (decimal 253)
   defining Unicode char U+00FE (decimal 254)
   defining Unicode char U+00FF (decimal 255)
   defining Unicode char U+0102 (decimal 258)
   defining Unicode char U+0103 (decimal 259)
   defining Unicode char U+0104 (decimal 260)
   defining Unicode char U+0105 (decimal 261)
   defining Unicode char U+0106 (decimal 262)
   defining Unicode char U+0107 (decimal 263)
   defining Unicode char U+010C (decimal 268)
   defining Unicode char U+010D (decimal 269)
   defining Unicode char U+010E (decimal 270)
   defining Unicode char U+010F (decimal 271)
   defining Unicode char U+0110 (decimal 272)
   defining Unicode char U+0111 (decimal 273)
   defining Unicode char U+0118 (decimal 280)
   defining Unicode char U+0119 (decimal 281)
   defining Unicode char U+011A (decimal 282)
   defining Unicode char U+011B (decimal 283)
   defining Unicode char U+011E (decimal 286)
   defining Unicode char U+011F (decimal 287)
   defining Unicode char U+0130 (decimal 304)
   defining Unicode char U+0131 (decimal 305)
   defining Unicode char U+0132 (decimal 306)
   defining Unicode char U+0133 (decimal 307)
   defining Unicode char U+0139 (decimal 313)
   defining Unicode char U+013A (decimal 314)
   defining Unicode char U+013D (decimal 317)
   defining Unicode char U+013E (decimal 318)
   defining Unicode char U+0141 (decimal 321)
   defining Unicode char U+0142 (decimal 322)
   defining Unicode char U+0143 (decimal 323)
   defining Unicode char U+0144 (decimal 324)
   defining Unicode char U+0147 (decimal 327)
   defining Unicode char U+0148 (decimal 328)
   defining Unicode char U+014A (decimal 330)
   defining Unicode char U+014B (decimal 331)
   defining Unicode char U+0150 (decimal 336)
   defining Unicode char U+0151 (decimal 337)
   defining Unicode char U+0152 (decimal 338)
   defining Unicode char U+0153 (decimal 339)
   defining Unicode char U+0154 (decimal 340)
   defining Unicode char U+0155 (decimal 341)
   defining Unicode char U+0158 (decimal 344)
   defining Unicode char U+0159 (decimal 345)
   defining Unicode char U+015A (decimal 346)
   defining Unicode char U+015B (decimal 347)
   defining Unicode char U+015E (decimal 350)
   defining Unicode char U+015F (decimal 351)
   defining Unicode char U+0160 (decimal 352)
   defining Unicode char U+0161 (decimal 353)
   defining Unicode char U+0162 (decimal 354)
   defining Unicode char U+0163 (decimal 355)
   defining Unicode char U+0164 (decimal 356)
   defining Unicode char U+0165 (decimal 357)
   defining Unicode char U+016E (decimal 366)
   defining Unicode char U+016F (decimal 367)
   defining Unicode char U+0170 (decimal 368)
   defining Unicode char U+0171 (decimal 369)
   defining Unicode char U+0178 (decimal 376)
   defining Unicode char U+0179 (decimal 377)
   defining Unicode char U+017A (decimal 378)
   defining Unicode char U+017B (decimal 379)
   defining Unicode char U+017C (decimal 380)
   defining Unicode char U+017D (decimal 381)
   defining Unicode char U+017E (decimal 382)
   defining Unicode char U+200C (decimal 8204)
   defining Unicode char U+2013 (decimal 8211)
   defining Unicode char U+2014 (decimal 8212)
   defining Unicode char U+2018 (decimal 8216)
   defining Unicode char U+2019 (decimal 8217)
   defining Unicode char U+201A (decimal 8218)
   defining Unicode char U+201C (decimal 8220)
   defining Unicode char U+201D (decimal 8221)
   defining Unicode char U+201E (decimal 8222)
   defining Unicode char U+2030 (decimal 8240)
   defining Unicode char U+2031 (decimal 8241)
   defining Unicode char U+2039 (decimal 8249)
   defining Unicode char U+203A (decimal 8250)
   defining Unicode char U+2423 (decimal 9251)
)
Now handling font encoding OT1 ...
... processing UTF-8 mapping file for font encoding OT1

(/usr/share/texlive/texmf-dist/tex/latex/base/ot1enc.dfu
File: ot1enc.dfu 2008/04/05 v1.1m UTF-8 support for inputenc
   defining Unicode char U+00A1 (decimal 161)
   defining Unicode char U+00A3 (decimal 163)
   defining Unicode char U+00B8 (decimal 184)
   defining Unicode char U+00BF (decimal 191)
   defining Unicode char U+00C5 (decimal 197)
   defining Unicode char U+00C6 (decimal 198)
   defining Unicode char U+00D8 (decimal 216)
   defining Unicode char U+00DF (decimal 223)
   defining Unicode char U+00E6 (decimal 230)
   defining Unicode char U+00EC (decimal 236)
   defining Unicode char U+00ED (decimal 237)
   defining Unicode char U+00EE (decimal 238)
   defining Unicode char U+00EF (decimal 239)
   defining Unicode char U+00F8 (decimal 248)
   defining Unicode char U+0131 (decimal 305)
   defining Unicode char U+0141 (decimal 321)
   defining Unicode char U+0142 (decimal 322)
   defining Unicode char U+0152 (decimal 338)
   defining Unicode char U+0153 (decimal 339)
   defining Unicode char U+2013 (decimal 8211)
   defining Unicode char U+2014 (decimal 8212)
   defining Unicode char U+2018 (decimal 8216)
   defining Unicode char U+2019 (decimal 8217)
   defining Unicode char U+201C (decimal 8220)
   defining Unicode char U+201D (decimal 8221)
)
Now handling font encoding OMS ...
... processing UTF-8 mapping file for font encoding OMS

(/usr/share/texlive/texmf-dist/tex/latex/base/omsenc.dfu
File: omsenc.dfu 2008/04/05 v1.1m UTF-8 support for inputenc
   defining Unicode char U+00A7 (decimal 167)
   defining Unicode char U+00B6 (decimal 182)
   defining Unicode char U+00B7 (decimal 183)
   defining Unicode char U+2020 (decimal 8224)
   defining Unicode char U+2021 (decimal 8225)
   defining Unicode char U+2022 (decimal 8226)
)
Now handling font encoding OMX ...
... no UTF-8 mapping file for font encoding OMX
Now handling font encoding U ...
... no UTF-8 mapping file for font encoding U
Now handling font encoding PD1 ...
... no UTF-8 mapping file for font encoding PD1
   defining Unicode char U+00A9 (decimal 169)
   defining Unicode char U+00AA (decimal 170)
   defining Unicode char U+00AE (decimal 174)
   defining Unicode char U+00BA (decimal 186)
   defining Unicode char U+02C6 (decimal 710)
   defining Unicode char U+02DC (decimal 732)
   defining Unicode char U+200C (decimal 8204)
   defining Unicode char U+2026 (decimal 8230)
   defining Unicode char U+2122 (decimal 8482)
   defining Unicode char U+2423 (decimal 9251)
))
(/usr/share/texlive/texmf-dist/tex/latex/lineno/lineno.sty
Package: lineno 2005/11/02 line numbers on paragraphs v4.41
\linenopenalty=\count118
\output=\toks24
\linenoprevgraf=\count119
\linenumbersep=\dimen117
\linenumberwidth=\dimen118
\c@linenumber=\count120
\c@pagewiselinenumber=\count121
\c@LN@truepage=\count122
\c@internallinenumber=\count123
\c@internallinenumbers=\count124
\quotelinenumbersep=\dimen119
\bframerule=\dimen120
\bframesep=\dimen121
\bframebox=\box43
LaTeX Info: Redefining \\ on input line 3056.
)
Class revtex4-1 Info: Patching LaTeX tabular. on input line 64.
Class revtex4-1 Info: Robustifying \LaTeX's \boldmath command on input line 64.

Class revtex4-1 Info: cite was not loaded (OK!) on input line 64.
Class revtex4-1 Info: mcite was not loaded (OK!) on input line 64.
Class revtex4-1 Info: multicol was not loaded (OK!) on input line 64.
 (./paper.aux)
\openout1 = `paper.aux'.

LaTeX Font Info:    Checking defaults for OML/cmm/m/it on input line 64.
LaTeX Font Info:    ... okay on input line 64.
LaTeX Font Info:    Checking defaults for T1/cmr/m/n on input line 64.
LaTeX Font Info:    ... okay on input line 64.
LaTeX Font Info:    Checking defaults for OT1/cmr/m/n on input line 64.
LaTeX Font Info:    ... okay on input line 64.
LaTeX Font Info:    Checking defaults for OMS/cmsy/m/n on input line 64.
LaTeX Font Info:    ... okay on input line 64.
LaTeX Font Info:    Checking defaults for OMX/cmex/m/n on input line 64.
LaTeX Font Info:    ... okay on input line 64.
LaTeX Font Info:    Checking defaults for U/cmr/m/n on input line 64.
LaTeX Font Info:    ... okay on input line 64.
LaTeX Font Info:    Checking defaults for PD1/pdf/m/n on input line 64.
LaTeX Font Info:    ... okay on input line 64.
\AtBeginShipoutBox=\box44
Package hyperref Info: Link coloring ON on input line 64.

(/usr/share/texlive/texmf-dist/tex/latex/hyperref/nameref.sty
Package: nameref 2012/10/27 v2.43 Cross-referencing by name of section

(/usr/share/texlive/texmf-dist/tex/generic/oberdiek/gettitlestring.sty
Package: gettitlestring 2010/12/03 v1.4 Cleanup title references (HO)
)
\c@section@level=\count125
)
LaTeX Info: Redefining \ref on input line 64.
LaTeX Info: Redefining \pageref on input line 64.
LaTeX Info: Redefining \nameref on input line 64.

(./paper.out) (./paper.out)
\@outlinefile=\write4
\openout4 = `paper.out'.


(/usr/share/texlive/texmf-dist/tex/context/base/supp-pdf.mkii
[Loading MPS to PDF converter (version 2006.09.02).]
\scratchcounter=\count126
\scratchdimen=\dimen122
\scratchbox=\box45
\nofMPsegments=\count127
\nofMParguments=\count128
\everyMPshowfont=\toks25
\MPscratchCnt=\count129
\MPscratchDim=\dimen123
\MPnumerator=\count130
\makeMPintoPDFobject=\count131
\everyMPtoPDFconversion=\toks26
) (/usr/share/texlive/texmf-dist/tex/latex/oberdiek/epstopdf-base.sty
Package: epstopdf-base 2010/02/09 v2.5 Base part for package epstopdf

(/usr/share/texlive/texmf-dist/tex/latex/oberdiek/grfext.sty
Package: grfext 2010/08/19 v1.1 Manage graphics extensions (HO)
)
Package grfext Info: Graphics extension search list:
(grfext)             [.png,.pdf,.jpg,.mps,.jpeg,.jbig2,.jb2,.PNG,.PDF,.JPG,.JPE
G,.JBIG2,.JB2,.eps]
(grfext)             \AppendGraphicsExtensions on input line 452.

(/usr/share/texlive/texmf-dist/tex/latex/latexconfig/epstopdf-sys.cfg
File: epstopdf-sys.cfg 2010/07/13 v1.3 Configuration of (r)epstopdf for TeX Liv
e
))
Class revtex4-1 Info: Taking \maketitle back from hyperref on input line 64.
Class revtex4-1 Info: Overriding lineo.sty, restoring output routine, on input 
line 64.
Class revtex4-1 Info: Line numbering not turned on yet on input line 64.
\openout3 = `paperNotes.bib'.

Class revtex4-1 Info: Overriding \@LN@LLerror on input line 64.
LaTeX Font Info:    Try loading font information for U+msa on input line 89.

(/usr/share/texlive/texmf-dist/tex/latex/amsfonts/umsa.fd
File: umsa.fd 2013/01/14 v3.01 AMS symbols A
)
LaTeX Font Info:    Try loading font information for U+msb on input line 89.

(/usr/share/texlive/texmf-dist/tex/latex/amsfonts/umsb.fd
File: umsb.fd 2013/01/14 v3.01 AMS symbols B
) [1{/var/lib/texmf/fonts/map/pdftex/updmap/pdftex.map

pdfTeX warning: pdflatex (file /var/lib/texmf/fonts/map/pdftex/updmap/pdftex.ma
p): fontmap entry for `cob' already exists, duplicates ignored


pdfTeX warning: pdflatex (file /var/lib/texmf/fonts/map/pdftex/updmap/pdftex.ma
p): fontmap entry for `cobo' already exists, duplicates ignored


pdfTeX warning: pdflatex (file /var/lib/texmf/fonts/map/pdftex/updmap/pdftex.ma
p): fontmap entry for `com' already exists, duplicates ignored


pdfTeX warning: pdflatex (file /var/lib/texmf/fonts/map/pdftex/updmap/pdftex.ma
p): fontmap entry for `coo' already exists, duplicates ignored


pdfTeX warning: pdflatex (file /var/lib/texmf/fonts/map/pdftex/updmap/pdftex.ma
p): fontmap entry for `hv' already exists, duplicates ignored


pdfTeX warning: pdflatex (file /var/lib/texmf/fonts/map/pdftex/updmap/pdftex.ma
p): fontmap entry for `hvb' already exists, duplicates ignored


pdfTeX warning: pdflatex (file /var/lib/texmf/fonts/map/pdftex/updmap/pdftex.ma
p): fontmap entry for `hvbo' already exists, duplicates ignored


pdfTeX warning: pdflatex (file /var/lib/texmf/fonts/map/pdftex/updmap/pdftex.ma
p): fontmap entry for `hvo' already exists, duplicates ignored


pdfTeX warning: pdflatex (file /var/lib/texmf/fonts/map/pdftex/updmap/pdftex.ma
p): fontmap entry for `pcrb8g' already exists, duplicates ignored


pdfTeX warning: pdflatex (file /var/lib/texmf/fonts/map/pdftex/updmap/pdftex.ma
p): fontmap entry for `pcrb8r' already exists, duplicates ignored


pdfTeX warning: pdflatex (file /var/lib/texmf/fonts/map/pdftex/updmap/pdftex.ma
p): fontmap entry for `pcrb8u' already exists, duplicates ignored


pdfTeX warning: pdflatex (file /var/lib/texmf/fonts/map/pdftex/updmap/pdftex.ma
p): fontmap entry for `pcrb8y' already exists, duplicates ignored


pdfTeX warning: pdflatex (file /var/lib/texmf/fonts/map/pdftex/updmap/pdftex.ma
p): fontmap entry for `pcrbo8g' already exists, duplicates ignored


pdfTeX warning: pdflatex (file /var/lib/texmf/fonts/map/pdftex/updmap/pdftex.ma
p): fontmap entry for `pcrbo8r' already exists, duplicates ignored


pdfTeX warning: pdflatex (file /var/lib/texmf/fonts/map/pdftex/updmap/pdftex.ma
p): fontmap entry for `pcrbo8u' already exists, duplicates ignored


pdfTeX warning: pdflatex (file /var/lib/texmf/fonts/map/pdftex/updmap/pdftex.ma
p): fontmap entry for `pcrbo8y' already exists, duplicates ignored


pdfTeX warning: pdflatex (file /var/lib/texmf/fonts/map/pdftex/updmap/pdftex.ma
p): fontmap entry for `pcrr8g' already exists, duplicates ignored


pdfTeX warning: pdflatex (file /var/lib/texmf/fonts/map/pdftex/updmap/pdftex.ma
p): fontmap entry for `pcrr8r' already exists, duplicates ignored


pdfTeX warning: pdflatex (file /var/lib/texmf/fonts/map/pdftex/updmap/pdftex.ma
p): fontmap entry for `pcrr8u' already exists, duplicates ignored


pdfTeX warning: pdflatex (file /var/lib/texmf/fonts/map/pdftex/updmap/pdftex.ma
p): fontmap entry for `pcrr8y' already exists, duplicates ignored


pdfTeX warning: pdflatex (file /var/lib/texmf/fonts/map/pdftex/updmap/pdftex.ma
p): fontmap entry for `pcrro8g' already exists, duplicates ignored


pdfTeX warning: pdflatex (file /var/lib/texmf/fonts/map/pdftex/updmap/pdftex.ma
p): fontmap entry for `pcrro8r' already exists, duplicates ignored


pdfTeX warning: pdflatex (file /var/lib/texmf/fonts/map/pdftex/updmap/pdftex.ma
p): fontmap entry for `pcrro8u' already exists, duplicates ignored


pdfTeX warning: pdflatex (file /var/lib/texmf/fonts/map/pdftex/updmap/pdftex.ma
p): fontmap entry for `pcrro8y' already exists, duplicates ignored


pdfTeX warning: pdflatex (file /var/lib/texmf/fonts/map/pdftex/updmap/pdftex.ma
p): fontmap entry for `phvb8g' already exists, duplicates ignored


pdfTeX warning: pdflatex (file /var/lib/texmf/fonts/map/pdftex/updmap/pdftex.ma
p): fontmap entry for `phvb8r' already exists, duplicates ignored


pdfTeX warning: pdflatex (file /var/lib/texmf/fonts/map/pdftex/updmap/pdftex.ma
p): fontmap entry for `phvb8y' already exists, duplicates ignored


pdfTeX warning: pdflatex (file /var/lib/texmf/fonts/map/pdftex/updmap/pdftex.ma
p): fontmap entry for `phvb8z' already exists, duplicates ignored


pdfTeX warning: pdflatex (file /var/lib/texmf/fonts/map/pdftex/updmap/pdftex.ma
p): fontmap entry for `phvbo8g' already exists, duplicates ignored


pdfTeX warning: pdflatex (file /var/lib/texmf/fonts/map/pdftex/updmap/pdftex.ma
p): fontmap entry for `phvbo8r' already exists, duplicates ignored


pdfTeX warning: pdflatex (file /var/lib/texmf/fonts/map/pdftex/updmap/pdftex.ma
p): fontmap entry for `phvbo8y' already exists, duplicates ignored


pdfTeX warning: pdflatex (file /var/lib/texmf/fonts/map/pdftex/updmap/pdftex.ma
p): fontmap entry for `phvbo8z' already exists, duplicates ignored


pdfTeX warning: pdflatex (file /var/lib/texmf/fonts/map/pdftex/updmap/pdftex.ma
p): fontmap entry for `phvr8g' already exists, duplicates ignored


pdfTeX warning: pdflatex (file /var/lib/texmf/fonts/map/pdftex/updmap/pdftex.ma
p): fontmap entry for `phvr8r' already exists, duplicates ignored


pdfTeX warning: pdflatex (file /var/lib/texmf/fonts/map/pdftex/updmap/pdftex.ma
p): fontmap entry for `phvr8y' already exists, duplicates ignored


pdfTeX warning: pdflatex (file /var/lib/texmf/fonts/map/pdftex/updmap/pdftex.ma
p): fontmap entry for `phvr8z' already exists, duplicates ignored


pdfTeX warning: pdflatex (file /var/lib/texmf/fonts/map/pdftex/updmap/pdftex.ma
p): fontmap entry for `phvro8g' already exists, duplicates ignored


pdfTeX warning: pdflatex (file /var/lib/texmf/fonts/map/pdftex/updmap/pdftex.ma
p): fontmap entry for `phvro8r' already exists, duplicates ignored


pdfTeX warning: pdflatex (file /var/lib/texmf/fonts/map/pdftex/updmap/pdftex.ma
p): fontmap entry for `phvro8y' already exists, duplicates ignored


pdfTeX warning: pdflatex (file /var/lib/texmf/fonts/map/pdftex/updmap/pdftex.ma
p): fontmap entry for `phvro8z' already exists, duplicates ignored


pdfTeX warning: pdflatex (file /var/lib/texmf/fonts/map/pdftex/updmap/pdftex.ma
p): fontmap entry for `psyr' already exists, duplicates ignored


pdfTeX warning: pdflatex (file /var/lib/texmf/fonts/map/pdftex/updmap/pdftex.ma
p): fontmap entry for `psyrgo' already exists, duplicates ignored


pdfTeX warning: pdflatex (file /var/lib/texmf/fonts/map/pdftex/updmap/pdftex.ma
p): fontmap entry for `ptmb8g' already exists, duplicates ignored


pdfTeX warning: pdflatex (file /var/lib/texmf/fonts/map/pdftex/updmap/pdftex.ma
p): fontmap entry for `ptmb8r' already exists, duplicates ignored


pdfTeX warning: pdflatex (file /var/lib/texmf/fonts/map/pdftex/updmap/pdftex.ma
p): fontmap entry for `ptmb8y' already exists, duplicates ignored


pdfTeX warning: pdflatex (file /var/lib/texmf/fonts/map/pdftex/updmap/pdftex.ma
p): fontmap entry for `ptmb8z' already exists, duplicates ignored


pdfTeX warning: pdflatex (file /var/lib/texmf/fonts/map/pdftex/updmap/pdftex.ma
p): fontmap entry for `ptmbi8g' already exists, duplicates ignored


pdfTeX warning: pdflatex (file /var/lib/texmf/fonts/map/pdftex/updmap/pdftex.ma
p): fontmap entry for `ptmbi8r' already exists, duplicates ignored


pdfTeX warning: pdflatex (file /var/lib/texmf/fonts/map/pdftex/updmap/pdftex.ma
p): fontmap entry for `ptmbi8y' already exists, duplicates ignored


pdfTeX warning: pdflatex (file /var/lib/texmf/fonts/map/pdftex/updmap/pdftex.ma
p): fontmap entry for `ptmbi8z' already exists, duplicates ignored


pdfTeX warning: pdflatex (file /var/lib/texmf/fonts/map/pdftex/updmap/pdftex.ma
p): fontmap entry for `ptmr8g' already exists, duplicates ignored


pdfTeX warning: pdflatex (file /var/lib/texmf/fonts/map/pdftex/updmap/pdftex.ma
p): fontmap entry for `ptmr8r' already exists, duplicates ignored


pdfTeX warning: pdflatex (file /var/lib/texmf/fonts/map/pdftex/updmap/pdftex.ma
p): fontmap entry for `ptmr8y' already exists, duplicates ignored


pdfTeX warning: pdflatex (file /var/lib/texmf/fonts/map/pdftex/updmap/pdftex.ma
p): fontmap entry for `ptmr8z' already exists, duplicates ignored


pdfTeX warning: pdflatex (file /var/lib/texmf/fonts/map/pdftex/updmap/pdftex.ma
p): fontmap entry for `ptmri8g' already exists, duplicates ignored


pdfTeX warning: pdflatex (file /var/lib/texmf/fonts/map/pdftex/updmap/pdftex.ma
p): fontmap entry for `ptmri8r' already exists, duplicates ignored


pdfTeX warning: pdflatex (file /var/lib/texmf/fonts/map/pdftex/updmap/pdftex.ma
p): fontmap entry for `ptmri8y' already exists, duplicates ignored


pdfTeX warning: pdflatex (file /var/lib/texmf/fonts/map/pdftex/updmap/pdftex.ma
p): fontmap entry for `ptmri8z' already exists, duplicates ignored


pdfTeX warning: pdflatex (file /var/lib/texmf/fonts/map/pdftex/updmap/pdftex.ma
p): fontmap entry for `pzdr' already exists, duplicates ignored


pdfTeX warning: pdflatex (file /var/lib/texmf/fonts/map/pdftex/updmap/pdftex.ma
p): fontmap entry for `rpcrb' already exists, duplicates ignored


pdfTeX warning: pdflatex (file /var/lib/texmf/fonts/map/pdftex/updmap/pdftex.ma
p): fontmap entry for `rpcrbo' already exists, duplicates ignored


pdfTeX warning: pdflatex (file /var/lib/texmf/fonts/map/pdftex/updmap/pdftex.ma
p): fontmap entry for `rpcrr' already exists, duplicates ignored


pdfTeX warning: pdflatex (file /var/lib/texmf/fonts/map/pdftex/updmap/pdftex.ma
p): fontmap entry for `rpcrro' already exists, duplicates ignored


pdfTeX warning: pdflatex (file /var/lib/texmf/fonts/map/pdftex/updmap/pdftex.ma
p): fontmap entry for `rphvb' already exists, duplicates ignored


pdfTeX warning: pdflatex (file /var/lib/texmf/fonts/map/pdftex/updmap/pdftex.ma
p): fontmap entry for `rphvbo' already exists, duplicates ignored


pdfTeX warning: pdflatex (file /var/lib/texmf/fonts/map/pdftex/updmap/pdftex.ma
p): fontmap entry for `rphvr' already exists, duplicates ignored


pdfTeX warning: pdflatex (file /var/lib/texmf/fonts/map/pdftex/updmap/pdftex.ma
p): fontmap entry for `rphvro' already exists, duplicates ignored


pdfTeX warning: pdflatex (file /var/lib/texmf/fonts/map/pdftex/updmap/pdftex.ma
p): fontmap entry for `rpsyr' already exists, duplicates ignored


pdfTeX warning: pdflatex (file /var/lib/texmf/fonts/map/pdftex/updmap/pdftex.ma
p): fontmap entry for `rptmb' already exists, duplicates ignored


pdfTeX warning: pdflatex (file /var/lib/texmf/fonts/map/pdftex/updmap/pdftex.ma
p): fontmap entry for `rptmbi' already exists, duplicates ignored


pdfTeX warning: pdflatex (file /var/lib/texmf/fonts/map/pdftex/updmap/pdftex.ma
p): fontmap entry for `rptmr' already exists, duplicates ignored


pdfTeX warning: pdflatex (file /var/lib/texmf/fonts/map/pdftex/updmap/pdftex.ma
p): fontmap entry for `rptmri' already exists, duplicates ignored


pdfTeX warning: pdflatex (file /var/lib/texmf/fonts/map/pdftex/updmap/pdftex.ma
p): fontmap entry for `rpzdr' already exists, duplicates ignored


pdfTeX warning: pdflatex (file /var/lib/texmf/fonts/map/pdftex/updmap/pdftex.ma
p): fontmap entry for `rtxphvb' already exists, duplicates ignored


pdfTeX warning: pdflatex (file /var/lib/texmf/fonts/map/pdftex/updmap/pdftex.ma
p): fontmap entry for `rtxphvr' already exists, duplicates ignored


pdfTeX warning: pdflatex (file /var/lib/texmf/fonts/map/pdftex/updmap/pdftex.ma
p): fontmap entry for `rtxptmb' already exists, duplicates ignored


pdfTeX warning: pdflatex (file /var/lib/texmf/fonts/map/pdftex/updmap/pdftex.ma
p): fontmap entry for `rtxptmbi' already exists, duplicates ignored


pdfTeX warning: pdflatex (file /var/lib/texmf/fonts/map/pdftex/updmap/pdftex.ma
p): fontmap entry for `rtxptmr' already exists, duplicates ignored


pdfTeX warning: pdflatex (file /var/lib/texmf/fonts/map/pdftex/updmap/pdftex.ma
p): fontmap entry for `rtxptmri' already exists, duplicates ignored


pdfTeX warning: pdflatex (file /var/lib/texmf/fonts/map/pdftex/updmap/pdftex.ma
p): fontmap entry for `sy' already exists, duplicates ignored


pdfTeX warning: pdflatex (file /var/lib/texmf/fonts/map/pdftex/updmap/pdftex.ma
p): fontmap entry for `tib' already exists, duplicates ignored


pdfTeX warning: pdflatex (file /var/lib/texmf/fonts/map/pdftex/updmap/pdftex.ma
p): fontmap entry for `tibi' already exists, duplicates ignored


pdfTeX warning: pdflatex (file /var/lib/texmf/fonts/map/pdftex/updmap/pdftex.ma
p): fontmap entry for `tii' already exists, duplicates ignored


pdfTeX warning: pdflatex (file /var/lib/texmf/fonts/map/pdftex/updmap/pdftex.ma
p): fontmap entry for `tir' already exists, duplicates ignored


pdfTeX warning: pdflatex (file /var/lib/texmf/fonts/map/pdftex/updmap/pdftex.ma
p): fontmap entry for `tmbi108r' already exists, duplicates ignored


pdfTeX warning: pdflatex (file /var/lib/texmf/fonts/map/pdftex/updmap/pdftex.ma
p): fontmap entry for `tmrb108r' already exists, duplicates ignored


pdfTeX warning: pdflatex (file /var/lib/texmf/fonts/map/pdftex/updmap/pdftex.ma
p): fontmap entry for `tmri108r' already exists, duplicates ignored


pdfTeX warning: pdflatex (file /var/lib/texmf/fonts/map/pdftex/updmap/pdftex.ma
p): fontmap entry for `tmrm108r' already exists, duplicates ignored


pdfTeX warning: pdflatex (file /var/lib/texmf/fonts/map/pdftex/updmap/pdftex.ma
p): fontmap entry for `zd' already exists, duplicates ignored
}] [2]
<SingleSystemEta_q4_0_mc2_25_chi0_50.pdf, id=230, 932.28299pt x 310.761pt>
File: SingleSystemEta_q4_0_mc2_25_chi0_50.pdf Graphic file (type pdf)

<use SingleSystemEta_q4_0_mc2_25_chi0_50.pdf>
Package pdftex.def Info: SingleSystemEta_q4_0_mc2_25_chi0_50.pdf used on input 
line 440.
(pdftex.def)             Requested size: 442.80075pt x 136.001pt.

Underfull \hbox (badness 1067) in paragraph at lines 474--488
\OT1/cmr/m/n/10 cludes the ef-fect of BH and NS masses and spins
 []

[3] [4 <./SingleSystemEta_q4_0_mc2_25_chi0_50.pdf>]
<TNMchirpBiasesOverCIWidths_CI90_0_Lambda_SNR30_70_linear.pdf, id=303, 934.9978
5pt x 442.29242pt>
File: TNMchirpBiasesOverCIWidths_CI90_0_Lambda_SNR30_70_linear.pdf Graphic file
 (type pdf)

<use TNMchirpBiasesOverCIWidths_CI90_0_Lambda_SNR30_70_linear.pdf>
Package pdftex.def Info: TNMchirpBiasesOverCIWidths_CI90_0_Lambda_SNR30_70_line
ar.pdf used on input line 611.
(pdftex.def)             Requested size: 479.69925pt x 214.01811pt.

<TNEtaBiasesOverCIWidths_CI90_0_Lambda_SNR20_50_linear.pdf, id=309, 934.99785pt
 x 442.29242pt>
File: TNEtaBiasesOverCIWidths_CI90_0_Lambda_SNR20_50_linear.pdf Graphic file (t
ype pdf)

<use TNEtaBiasesOverCIWidths_CI90_0_Lambda_SNR20_50_linear.pdf>
Package pdftex.def Info: TNEtaBiasesOverCIWidths_CI90_0_Lambda_SNR20_50_linear.
pdf used on input line 633.
(pdftex.def)             Requested size: 479.69925pt x 214.55498pt.

<TNChiBHBiasesOverCIWidths_CI90_0_Lambda_SNR_linear.pdf, id=313, 934.99785pt x 
442.29242pt>
File: TNChiBHBiasesOverCIWidths_CI90_0_Lambda_SNR_linear.pdf Graphic file (type
 pdf)
 <use TNChiBHBiasesOverCIWidths_CI90_0_Lambda_SNR_linear.pdf>
Package pdftex.def Info: TNChiBHBiasesOverCIWidths_CI90_0_Lambda_SNR_linear.pdf
 used on input line 651.
(pdftex.def)             Requested size: 479.69925pt x 215.09186pt.

<SingleSystemLambdaVary_q4_0_mc2_25_chi0_50_snr50.pdf, id=319, 1011.78pt x 310.
761pt>
File: SingleSystemLambdaVary_q4_0_mc2_25_chi0_50_snr50.pdf Graphic file (type p
df)
 <use SingleSystemLambdaVary_q4_0_mc2_25_chi0_50_snr50.pdf>
Package pdftex.def Info: SingleSystemLambdaVary_q4_0_mc2_25_chi0_50_snr50.pdf u
sed on input line 669.
(pdftex.def)             Requested size: 467.3985pt x 128.2305pt.
 [5] [6 <./TNMchirpBiasesOverCIWidths_CI90_0_Lambda_SNR30_70_linear.pdf> <./TNE
taBiasesOverCIWidths_CI90_0_Lambda_SNR20_50_linear.pdf>] [7 <./TNChiBHBiasesOve
rCIWidths_CI90_0_Lambda_SNR_linear.pdf> <./SingleSystemLambdaVary_q4_0_mc2_25_c
hi0_50_snr50.pdf>]
<TTLambdaRawCIWidths90_0_Lambda_SNR.pdf, id=452, 1193.42493pt x 589.72322pt>
File: TTLambdaRawCIWidths90_0_Lambda_SNR.pdf Graphic file (type pdf)

<use TTLambdaRawCIWidths90_0_Lambda_SNR.pdf>
Package pdftex.def Info: TTLambdaRawCIWidths90_0_Lambda_SNR.pdf used on input l
ine 904.
(pdftex.def)             Requested size: 541.19925pt x 259.21907pt.

Overfull \hbox (31.19925pt too wide) in paragraph at lines 904--906
 [][] 
 []


<TTSNRThresholdFor100LambdaMeasurement_BHspin_BHmass_Lambda2000_0_CI90_0.pdf, i
d=454, 350.80594pt x 216.81pt>
File: TTSNRThresholdFor100LambdaMeasurement_BHspin_BHmass_Lambda2000_0_CI90_0.p
df Graphic file (type pdf)

<use TTSNRThresholdFor100LambdaMeasurement_BHspin_BHmass_Lambda2000_0_CI90_0.pd
f>
Package pdftex.def Info: TTSNRThresholdFor100LambdaMeasurement_BHspin_BHmass_La
mbda2000_0_CI90_0.pdf used on input line 927.
(pdftex.def)             Requested size: 258.30075pt x 149.12985pt.

Overfull \hbox (12.30075pt too wide) in paragraph at lines 927--929
 [][] 
 []


Underfull \hbox (badness 2096) in paragraph at lines 971--993
[]\OT1/cmr/m/n/10 In this sec-tion, we cal-cu-late the ac-cu-racy with
 []


Underfull \hbox (badness 2302) in paragraph at lines 1032--1032
  [][][]\OT1/cmr/m/n/8 For an op-ti-mally ori-ented source with $\OML/cmm/m/it/
8 q \OT1/cmr/m/n/8 = 4\OML/cmm/m/it/8 ; m[] \OT1/cmr/m/n/8 =
 []

[8] [9 <./TTLambdaRawCIWidths90_0_Lambda_SNR.pdf>]

LaTeX Warning: A float is stuck (cannot be placed) on input line 1079.


LaTeX Warning: A float is stuck (cannot be placed) on input line 1079.


Class revtex4-1 Warning: Deferred float stuck during \clearpage processing.

<pdfLambda_vs_N_L800.pdf, id=502, 578.16pt x 357.32254pt>
File: pdfLambda_vs_N_L800.pdf Graphic file (type pdf)

<use pdfLambda_vs_N_L800.pdf>
Package pdftex.def Info: pdfLambda_vs_N_L800.pdf used on input line 1088.
(pdftex.def)             Requested size: 246.0pt x 149.41742pt.

<FillBetweenErrorBarsLambda_vs_N_L800.pdf, id=504, 578.16pt x 357.32254pt>
File: FillBetweenErrorBarsLambda_vs_N_L800.pdf Graphic file (type pdf)

<use FillBetweenErrorBarsLambda_vs_N_L800.pdf>
Package pdftex.def Info: FillBetweenErrorBarsLambda_vs_N_L800.pdf used on input
 line 1089.
(pdftex.def)             Requested size: 246.0pt x 149.41742pt.

<FillBetweenRelErrorBarsLambda_vs_NShifted_AllLambda.pdf, id=506, 578.16pt x 35
7.32254pt>
File: FillBetweenRelErrorBarsLambda_vs_NShifted_AllLambda.pdf Graphic file (typ
e pdf)
 <use FillBetweenRelErrorBarsLambda_vs_NShifted_AllLambda.pdf>
Package pdftex.def Info: FillBetweenRelErrorBarsLambda_vs_NShifted_AllLambda.pd
f used on input line 1105.
(pdftex.def)             Requested size: 258.30075pt x 167.90344pt.

Overfull \hbox (12.30075pt too wide) in paragraph at lines 1105--1106
 [][] 
 []

<LambdaMedian_vs_N_AllPopulation.pdf, id=507, 613.91039pt x 379.4175pt>
File: LambdaMedian_vs_N_AllPopulation.pdf Graphic file (type pdf)

<use LambdaMedian_vs_N_AllPopulation.pdf>
Package pdftex.def Info: LambdaMedian_vs_N_AllPopulation.pdf used on input line
 1121.
(pdftex.def)             Requested size: 252.1485pt x 163.40686pt.

<LambdaMedian_vs_N_AstroPopulation.pdf, id=508, 613.91039pt x 379.4175pt>
File: LambdaMedian_vs_N_AstroPopulation.pdf Graphic file (type pdf)

<use LambdaMedian_vs_N_AstroPopulation.pdf>
Package pdftex.def Info: LambdaMedian_vs_N_AstroPopulation.pdf used on input li
ne 1122.
(pdftex.def)             Requested size: 252.1485pt x 163.40686pt.

<LambdaMedian90pc_vs_N_AllPopulation.pdf, id=509, 613.91039pt x 379.4175pt>
File: LambdaMedian90pc_vs_N_AllPopulation.pdf Graphic file (type pdf)

<use LambdaMedian90pc_vs_N_AllPopulation.pdf>
Package pdftex.def Info: LambdaMedian90pc_vs_N_AllPopulation.pdf used on input 
line 1123.
(pdftex.def)             Requested size: 252.1485pt x 163.40686pt.

<LambdaMedian90pc_vs_N_AstroPopulation.pdf, id=510, 613.91039pt x 379.4175pt>
File: LambdaMedian90pc_vs_N_AstroPopulation.pdf Graphic file (type pdf)

<use LambdaMedian90pc_vs_N_AstroPopulation.pdf>
Package pdftex.def Info: LambdaMedian90pc_vs_N_AstroPopulation.pdf used on inpu
t line 1124.
(pdftex.def)             Requested size: 252.1485pt x 163.40686pt.

<LambdaCIWidths90pc_vs_N_AllPopulation.pdf, id=513, 613.91039pt x 379.4175pt>
File: LambdaCIWidths90pc_vs_N_AllPopulation.pdf Graphic file (type pdf)

<use LambdaCIWidths90pc_vs_N_AllPopulation.pdf>
Package pdftex.def Info: LambdaCIWidths90pc_vs_N_AllPopulation.pdf used on inpu
t line 1158.
(pdftex.def)             Requested size: 252.1485pt x 163.40686pt.

<LambdaCIWidths90pc_vs_N_AstroPopulation.pdf, id=514, 613.91039pt x 379.4175pt>
File: LambdaCIWidths90pc_vs_N_AstroPopulation.pdf Graphic file (type pdf)
<use LambdaCIWidths90pc_vs_N_AstroPopulation.pdf>
Package pdftex.def Info: LambdaCIWidths90pc_vs_N_AstroPopulation.pdf used on in
put line 1159.
(pdftex.def)             Requested size: 252.1485pt x 163.40686pt.
 [10 <./TTSNRThresholdFor100LambdaMeasurement_BHspin_BHmass_Lambda2000_0_CI90_0
.pdf> <./pdfLambda_vs_N_L800.pdf> <./FillBetweenErrorBarsLambda_vs_N_L800.pdf>]


LaTeX Warning: A float is stuck (cannot be placed) on input line 1229.


LaTeX Warning: A float is stuck (cannot be placed) on input line 1229.


Class revtex4-1 Warning: Deferred float stuck during \clearpage processing.


Overfull \hbox (5.64076pt too wide) in alignment at lines 1275--1279
 [][][] []
 []


Overfull \hbox (8.92004pt too wide) in alignment at lines 1286--1290
 [][][] []
 []

[11 <./FillBetweenRelErrorBarsLambda_vs_NShifted_AllLambda.pdf>]
Underfull \hbox (badness 2617) in paragraph at lines 1338--1370
\OT1/cmr/m/n/10 fixed value cho-sen from $\OMS/cmsy/m/n/10 f\OT1/cmr/m/n/10 500
\OML/cmm/m/it/10 ; \OT1/cmr/m/n/10 800\OML/cmm/m/it/10 ; \OT1/cmr/m/n/10 1000\O
ML/cmm/m/it/10 ; \OT1/cmr/m/n/10 1500\OML/cmm/m/it/10 ; \OT1/cmr/m/n/10 2000\OM
S/cmsy/m/n/10 g$\OT1/cmr/m/n/10 .
 []

[12 <./LambdaMedian_vs_N_AllPopulation.pdf> <./LambdaMedian_vs_N_AstroPopulatio
n.pdf

pdfTeX warning: pdflatex (file ./LambdaMedian_vs_N_AstroPopulation.pdf): PDF in
clusion: multiple pdfs with page group included in a single page
> <./LambdaMedian90pc_vs_N_AllPopulation.pdf

pdfTeX warning: pdflatex (file ./LambdaMedian90pc_vs_N_AllPopulation.pdf): PDF 
inclusion: multiple pdfs with page group included in a single page
> <./LambdaMedian90pc_vs_N_AstroPopulation.pdf

pdfTeX warning: pdflatex (file ./LambdaMedian90pc_vs_N_AstroPopulation.pdf): PD
F inclusion: multiple pdfs with page group included in a single page
>] [13 <./LambdaCIWidths90pc_vs_N_AllPopulation.pdf> <./LambdaCIWidths90pc_vs_N
_AstroPopulation.pdf

pdfTeX warning: pdflatex (file ./LambdaCIWidths90pc_vs_N_AstroPopulation.pdf): 
PDF inclusion: multiple pdfs with page group included in a single page
>] [14]
LaTeX Font Info:    Try loading font information for OMS+cmr on input line 1635
.
 (/usr/share/texlive/texmf-dist/tex/latex/base/omscmr.fd
File: omscmr.fd 1999/05/25 v2.5h Standard LaTeX font definitions
)
LaTeX Font Info:    Font shape `OMS/cmr/m/n' in size <10> not available
(Font)              Font shape `OMS/cmsy/m/n' tried instead on input line 1635.

 [15]
Underfull \hbox (badness 1028) in paragraph at lines 1697--1728
\OMS/cmsy/m/n/10 f\OT1/cmr/m/n/10 500\OML/cmm/m/it/10 ; \OT1/cmr/m/n/10 800\OML
/cmm/m/it/10 ; \OT1/cmr/m/n/10 1000\OML/cmm/m/it/10 ; \OT1/cmr/m/n/10 1500\OML/
cmm/m/it/10 ; \OT1/cmr/m/n/10 2000\OMS/cmsy/m/n/10 g ^^B \OML/cmm/m/it/10 ^^Z \
OT1/cmr/m/n/10 = \OMS/cmsy/m/n/10 f\OT1/cmr/m/n/10 10\OML/cmm/m/it/10 ; \OT1/cm
r/m/n/10 20\OML/cmm/m/it/10 ; \OT1/cmr/m/n/10 30\OML/cmm/m/it/10 ; \OT1/cmr/m/n
/10 50\OML/cmm/m/it/10 ; \OT1/cmr/m/n/10 70\OMS/cmsy/m/n/10 g$\OT1/cmr/m/n/10 .

 []

[16] <TNMchirpCIWidths90_0_Lambda_SNR.pdf, id=840, 934.99785pt x 294.8616pt>
File: TNMchirpCIWidths90_0_Lambda_SNR.pdf Graphic file (type pdf)

<use TNMchirpCIWidths90_0_Lambda_SNR.pdf>
Package pdftex.def Info: TNMchirpCIWidths90_0_Lambda_SNR.pdf used on input line
 1825.
(pdftex.def)             Requested size: 492.0pt x 165.21585pt.

<TNEtaCIWidths90_0_Lambda_SNR.pdf, id=841, 934.99785pt x 294.8616pt>
File: TNEtaCIWidths90_0_Lambda_SNR.pdf Graphic file (type pdf)

<use TNEtaCIWidths90_0_Lambda_SNR.pdf>
Package pdftex.def Info: TNEtaCIWidths90_0_Lambda_SNR.pdf used on input line 18
26.
(pdftex.def)             Requested size: 492.0pt x 165.21585pt.

<TNChiBHCIWidths90_0_Lambda_SNR.pdf, id=842, 934.99785pt x 294.8616pt>
File: TNChiBHCIWidths90_0_Lambda_SNR.pdf Graphic file (type pdf)

<use TNChiBHCIWidths90_0_Lambda_SNR.pdf>
Package pdftex.def Info: TNChiBHCIWidths90_0_Lambda_SNR.pdf used on input line 
1827.
(pdftex.def)             Requested size: 492.0pt x 165.21585pt.

<AllParamsMcEtPDF1D2D_q4_mc2_25_chi0_50_snr20.pdf, id=847, 701.01903pt x 701.01
903pt>
File: AllParamsMcEtPDF1D2D_q4_mc2_25_chi0_50_snr20.pdf Graphic file (type pdf)
 <use AllParamsMcEtPDF1D2D_q4_mc2_25_chi0_50_snr20.pdf>
Package pdftex.def Info: AllParamsMcEtPDF1D2D_q4_mc2_25_chi0_50_snr20.pdf used 
on input line 1874.
(pdftex.def)             Requested size: 258.30075pt x 281.11932pt.

<AllParamsMcEtPDF1D2D_q4_mc2_25_chi0_50_snr50.pdf, id=848, 701.01903pt x 701.01
903pt>
File: AllParamsMcEtPDF1D2D_q4_mc2_25_chi0_50_snr50.pdf Graphic file (type pdf)
 <use AllParamsMcEtPDF1D2D_q4_mc2_25_chi0_50_snr50.pdf>
Package pdftex.def Info: AllParamsMcEtPDF1D2D_q4_mc2_25_chi0_50_snr50.pdf used 
on input line 1875.
(pdftex.def)             Requested size: 258.30075pt x 277.45036pt.

Overfull \hbox (6.6015pt too wide) in paragraph at lines 1874--1876
 [][][] 
 []


Package hyperref Warning: Token not allowed in a PDF string (PDFDocEncoding):
(hyperref)                removing `math shift' on input line 1919.


Package hyperref Warning: Token not allowed in a PDF string (PDFDocEncoding):
(hyperref)                removing `\Lambda' on input line 1919.


Package hyperref Warning: Token not allowed in a PDF string (PDFDocEncoding):
(hyperref)                removing `subscript' on input line 1919.


Package hyperref Warning: Token not allowed in a PDF string (PDFDocEncoding):
(hyperref)                removing `math shift' on input line 1919.

<PowerLawCoefficient_LambdaErrorvsN_vs_N.pdf, id=852, 578.16pt x 357.32254pt>
File: PowerLawCoefficient_LambdaErrorvsN_vs_N.pdf Graphic file (type pdf)

<use PowerLawCoefficient_LambdaErrorvsN_vs_N.pdf>
Package pdftex.def Info: PowerLawCoefficient_LambdaErrorvsN_vs_N.pdf used on in
put line 1924.
(pdftex.def)             Requested size: 258.30075pt x 159.63776pt.

Overfull \hbox (12.30075pt too wide) in paragraph at lines 1924--1925
 [][] 
 []


<PowerLawCoefficient_LambdaErrorvsLambda_vs_N_AllPopulations.pdf, id=857, 578.1
6pt x 357.32254pt>
File: PowerLawCoefficient_LambdaErrorvsLambda_vs_N_AllPopulations.pdf Graphic f
ile (type pdf)

<use PowerLawCoefficient_LambdaErrorvsLambda_vs_N_AllPopulations.pdf>
Package pdftex.def Info: PowerLawCoefficient_LambdaErrorvsLambda_vs_N_AllPopula
tions.pdf used on input line 1944.
(pdftex.def)             Requested size: 246.0pt x 152.03181pt.

(./paper.bbl [17] [18 <./TNMchirpCIWidths90_0_Lambda_SNR.pdf> <./TNEtaCIWidths9
0_0_Lambda_SNR.pdf

pdfTeX warning: pdflatex (file ./TNEtaCIWidths90_0_Lambda_SNR.pdf): PDF inclusi
on: multiple pdfs with page group included in a single page
> <./TNChiBHCIWidths90_0_Lambda_SNR.pdf

pdfTeX warning: pdflatex (file ./TNChiBHCIWidths90_0_Lambda_SNR.pdf): PDF inclu
sion: multiple pdfs with page group included in a single page
>] [19 <./AllParamsMcEtPDF1D2D_q4_mc2_25_chi0_50_snr20.pdf> <./AllParamsMcEtPDF
1D2D_q4_mc2_25_chi0_50_snr50.pdf

pdfTeX warning: pdflatex (file ./AllParamsMcEtPDF1D2D_q4_mc2_25_chi0_50_snr50.p
df): PDF inclusion: multiple pdfs with page group included in a single page
> <./PowerLawCoefficient_LambdaErrorvsN_vs_N.pdf

pdfTeX warning: pdflatex (file ./PowerLawCoefficient_LambdaErrorvsN_vs_N.pdf): 
PDF inclusion: multiple pdfs with page group included in a single page
>]
Underfull \hbox (badness 4193) in paragraph at lines 103--108
 []\OT1/cmr/m/n/9 Y. Aso, Y. Michimura, K. Somiya, M. Ando,
 []


Underfull \hbox (badness 1158) in paragraph at lines 166--174
 []\OT1/cmr/m/n/9 K. Bel-czyn-ski, T. Bu-lik, C. L. Fryer, A. Ruiter,
 []


Underfull \hbox (badness 10000) in paragraph at lines 182--191
 []\OT1/cmr/m/n/9 K. Bel-czyn-ski, M. Do-minik, T. Bu-lik,
 []


Underfull \hbox (badness 10000) in paragraph at lines 264--271
 [][] \OT1/cmr/m/n/9 (2015), 10.1093/mn-rasl/slv054[][], [][]arXiv:1503.03172
 []

[20 <./PowerLawCoefficient_LambdaErrorvsLambda_vs_N_AllPopulations.pdf>]
Underfull \hbox (badness 1122) in paragraph at lines 355--361
 []\OT1/cmr/m/n/9 R. N. Manch-ester, G. B. Hobbs, A. Teoh,  and
 []


Underfull \hbox (badness 1436) in paragraph at lines 510--530
 []\OT1/cmr/m/n/9 S. D. Barthelmy \OT1/cmr/m/it/9 et al.\OT1/cmr/m/n/9 , [][]Na
-ture \OT1/cmr/bx/n/9 438\OT1/cmr/m/n/9 , 994 (2005)[][],
 []


Underfull \hbox (badness 6016) in paragraph at lines 783--793
 []\OT1/cmr/m/n/9 F. Fou-cart, [][]Phys. Rev. D \OT1/cmr/bx/n/9 86\OT1/cmr/m/n/
9 , 124007 (2012)[][],
 []


Underfull \hbox (badness 1297) in paragraph at lines 853--859
 \OT1/cmr/m/n/9 Virgo Col-lab-o-ra-tion), [][]Liv-ing Rev. Rel. \OT1/cmr/bx/n/9
 19 \OT1/cmr/m/n/9 (2016),
 []

[21]
Underfull \hbox (badness 1430) in paragraph at lines 1119--1125
 []\OT1/cmr/m/n/9 K. Bar-kett, M. A. Scheel, R. Haas, C. D. Ott,
 []


Underfull \hbox (badness 10000) in paragraph at lines 1190--1197
 []\OT1/cmr/m/n/9 L. Krei-d-berg, C. D. Bai-lyn, W. M. Farr,
 []


Underfull \hbox (badness 10000) in paragraph at lines 1190--1197
 \OT1/cmr/m/n/9 and V. Kalogera, [][]As-troph.J. \OT1/cmr/bx/n/9 757\OT1/cmr/m/
n/9 , 36 (2012)[][],
 []


Underfull \hbox (badness 1067) in paragraph at lines 1203--1207
 \OT1/cmr/m/n/9 and D. E. Holz,  (2015), [][]arXiv:1503.03179 [astro-
 []


Underfull \hbox (badness 1968) in paragraph at lines 1301--1307
 \OT1/cmr/m/n/9 M. A. Scheel, [][]Phys. Rev. D \OT1/cmr/bx/n/9 86\OT1/cmr/m/n/9
 , 024011 (2012)[][],
 []


Underfull \hbox (badness 2245) in paragraph at lines 1381--1387
 \OT1/cmr/m/n/9 D. A. Hem-berger, L. E. Kid-der, M. A. Scheel,
 []


Underfull \hbox (badness 1342) in paragraph at lines 1381--1387
 \OT1/cmr/m/n/9 and B. Szi-lagyi, [][]Phys. Rev. \OT1/cmr/bx/n/9 D93\OT1/cmr/m/
n/9 , 104050 (2016)[][],
 []


Underfull \hbox (badness 10000) in paragraph at lines 1470--1478
 []\OT1/cmr/m/n/9 I. Man-del, [][]Phys. Rev. \OT1/cmr/bx/n/9 D81\OT1/cmr/m/n/9 
, 084029 (2010)[][],
 []


Underfull \hbox (badness 1460) in paragraph at lines 1484--1493
 \OT1/cmr/m/n/9 and N. Yunes, [][]Phys. Rev. D \OT1/cmr/bx/n/9 92\OT1/cmr/m/n/9
 , 104008 (2015)[][],
 []


Underfull \hbox (badness 10000) in paragraph at lines 1574--1583
 []\OT1/cmr/m/n/9 C. Pankow, P. Brady, E. Ochsner,  and
 []


Underfull \hbox (badness 1546) in paragraph at lines 1590--1601
 \OT1/cmr/m/n/9 er-pool Tele-scope, BOOTES, LIGO Sci-en-tific, LO-
 []

[22]) [23]
Package atveryend Info: Empty hook `AfterLastShipout' on input line 2017.
 (./paper.aux)
Package atveryend Info: Executing hook `AtVeryEndDocument' on input line 2017.
Package atveryend Info: Executing hook `AtEndAfterFileList' on input line 2017.

Package rerunfilecheck Info: File `paper.out' has not changed.
(rerunfilecheck)             Checksum: 225BD91DA65FF7FD590D321DF3191F99;1284.
 ) 
Here is how much of TeX's memory you used:
 9771 strings out of 494985
 143490 string characters out of 6180357
 298758 words of memory out of 5000000
 12647 multiletter control sequences out of 15000+600000
 13556 words of font info for 54 fonts, out of 8000000 for 9000
 36 hyphenation exceptions out of 8191
 34i,11n,35p,1675b,813s stack positions out of 5000i,500n,10000p,200000b,80000s
</usr/share/texlive/texmf-dist/fonts/type1/public/amsfonts/cm/cmbx10.pfb></us
r/share/texlive/texmf-dist/fonts/type1/public/amsfonts/cm/cmbx12.pfb></usr/shar
e/texlive/texmf-dist/fonts/type1/public/amsfonts/cm/cmbx9.pfb></usr/share/texli
ve/texmf-dist/fonts/type1/public/amsfonts/cm/cmcsc10.pfb></usr/share/texlive/te
xmf-dist/fonts/type1/public/amsfonts/cm/cmex10.pfb></usr/share/texlive/texmf-di
st/fonts/type1/public/amsfonts/cmextra/cmex8.pfb></usr/share/texlive/texmf-dist
/fonts/type1/public/amsfonts/cm/cmmi10.pfb></usr/share/texlive/texmf-dist/fonts
/type1/public/amsfonts/cm/cmmi12.pfb></usr/share/texlive/texmf-dist/fonts/type1
/public/amsfonts/cm/cmmi5.pfb></usr/share/texlive/texmf-dist/fonts/type1/public
/amsfonts/cm/cmmi6.pfb></usr/share/texlive/texmf-dist/fonts/type1/public/amsfon
ts/cm/cmmi7.pfb></usr/share/texlive/texmf-dist/fonts/type1/public/amsfonts/cm/c
mmi8.pfb></usr/share/texlive/texmf-dist/fonts/type1/public/amsfonts/cm/cmmi9.pf
b></usr/share/texlive/texmf-dist/fonts/type1/public/amsfonts/cm/cmr10.pfb></usr
/share/texlive/texmf-dist/fonts/type1/public/amsfonts/cm/cmr12.pfb></usr/share/
texlive/texmf-dist/fonts/type1/public/amsfonts/cm/cmr17.pfb></usr/share/texlive
/texmf-dist/fonts/type1/public/amsfonts/cm/cmr5.pfb></usr/share/texlive/texmf-d
ist/fonts/type1/public/amsfonts/cm/cmr6.pfb></usr/share/texlive/texmf-dist/font
s/type1/public/amsfonts/cm/cmr7.pfb></usr/share/texlive/texmf-dist/fonts/type1/
public/amsfonts/cm/cmr8.pfb></usr/share/texlive/texmf-dist/fonts/type1/public/a
msfonts/cm/cmr9.pfb></usr/share/texlive/texmf-dist/fonts/type1/public/amsfonts/
cm/cmsy10.pfb></usr/share/texlive/texmf-dist/fonts/type1/public/amsfonts/cm/cms
y5.pfb></usr/share/texlive/texmf-dist/fonts/type1/public/amsfonts/cm/cmsy6.pfb>
</usr/share/texlive/texmf-dist/fonts/type1/public/amsfonts/cm/cmsy7.pfb></usr/s
hare/texlive/texmf-dist/fonts/type1/public/amsfonts/cm/cmsy8.pfb></usr/share/te
xlive/texmf-dist/fonts/type1/public/amsfonts/cm/cmsy9.pfb></usr/share/texlive/t
exmf-dist/fonts/type1/public/amsfonts/cm/cmti10.pfb></usr/share/texlive/texmf-d
ist/fonts/type1/public/amsfonts/cm/cmti8.pfb></usr/share/texlive/texmf-dist/fon
ts/type1/public/amsfonts/cm/cmti9.pfb></usr/share/texlive/texmf-dist/fonts/type
1/public/amsfonts/cm/cmtt10.pfb></usr/share/texlive/texmf-dist/fonts/type1/publ
ic/amsfonts/cm/cmtt9.pfb></usr/share/texlive/texmf-dist/fonts/type1/public/amsf
onts/symbols/msam10.pfb></usr/share/texlive/texmf-dist/fonts/type1/urw/ncntrsbk
/uncr8a.pfb>
Output written on paper.pdf (23 pages, 3994729 bytes).
PDF statistics:
 1508 PDF objects out of 1728 (max. 8388607)
 1360 compressed objects within 14 object streams
 197 named destinations out of 1000 (max. 500000)
 298 words of extra memory for PDF output out of 10000 (max. 10000000)

